/global/home/hpc5434/MAP-CF/synthetic/synthetic_cf.py:101: FutureWarning: You are using `torch.load` with `weights_only=False` (the current default value), which uses the default pickle module implicitly. It is possible to construct malicious pickle data which will execute arbitrary code during unpickling (See https://github.com/pytorch/pytorch/blob/main/SECURITY.md#untrusted-models for more details). In a future release, the default value for `weights_only` will be flipped to `True`. This limits the functions that could be executed during unpickling. Arbitrary objects will no longer be allowed to be loaded via this mode unless they are explicitly allowlisted by the user via `torch.serialization.add_safe_globals`. We recommend you start setting `weights_only=True` for any use case where you don't have full control of the loaded file. Please open an issue on GitHub for any issues related to this experimental feature.
  wrapper.load_state_dict(torch.load(model_path, map_location=torch.device("cpu")))

=== Running MAP-Elites for: mlp_model ===
Processing individual 0 for model 'mlp_model'...
Processing individual 1 for model 'mlp_model'...
Processing individual 2 for model 'mlp_model'...
Processing individual 3 for model 'mlp_model'...
Processing individual 4 for model 'mlp_model'...
Processing individual 5 for model 'mlp_model'...
Processing individual 6 for model 'mlp_model'...
Processing individual 7 for model 'mlp_model'...
Processing individual 8 for model 'mlp_model'...
Processing individual 9 for model 'mlp_model'...
Processing individual 10 for model 'mlp_model'...
Processing individual 11 for model 'mlp_model'...
Processing individual 12 for model 'mlp_model'...
Processing individual 13 for model 'mlp_model'...
Processing individual 14 for model 'mlp_model'...
Processing individual 15 for model 'mlp_model'...
Processing individual 16 for model 'mlp_model'...
Processing individual 17 for model 'mlp_model'...
Processing individual 18 for model 'mlp_model'...
Processing individual 19 for model 'mlp_model'...
Processing individual 20 for model 'mlp_model'...
Processing individual 21 for model 'mlp_model'...
Processing individual 22 for model 'mlp_model'...
Processing individual 23 for model 'mlp_model'...
Processing individual 24 for model 'mlp_model'...
Processing individual 25 for model 'mlp_model'...
Processing individual 26 for model 'mlp_model'...
Processing individual 27 for model 'mlp_model'...
Processing individual 28 for model 'mlp_model'...
Processing individual 29 for model 'mlp_model'...
Processing individual 30 for model 'mlp_model'...
Processing individual 31 for model 'mlp_model'...
Processing individual 32 for model 'mlp_model'...
Processing individual 33 for model 'mlp_model'...
Processing individual 34 for model 'mlp_model'...
Processing individual 35 for model 'mlp_model'...
Processing individual 36 for model 'mlp_model'...
Processing individual 37 for model 'mlp_model'...
Processing individual 38 for model 'mlp_model'...
Processing individual 39 for model 'mlp_model'...
Processing individual 40 for model 'mlp_model'...
Processing individual 41 for model 'mlp_model'...
Processing individual 42 for model 'mlp_model'...
Processing individual 43 for model 'mlp_model'...
Processing individual 44 for model 'mlp_model'...
Processing individual 45 for model 'mlp_model'...
Processing individual 46 for model 'mlp_model'...
Processing individual 47 for model 'mlp_model'...
Processing individual 48 for model 'mlp_model'...
Processing individual 49 for model 'mlp_model'...
Processing individual 50 for model 'mlp_model'...
Processing individual 51 for model 'mlp_model'...
Processing individual 52 for model 'mlp_model'...
Processing individual 53 for model 'mlp_model'...
Processing individual 54 for model 'mlp_model'...
Processing individual 55 for model 'mlp_model'...
Processing individual 56 for model 'mlp_model'...
Processing individual 57 for model 'mlp_model'...
Processing individual 58 for model 'mlp_model'...
Processing individual 59 for model 'mlp_model'...
Processing individual 60 for model 'mlp_model'...
Processing individual 61 for model 'mlp_model'...
Processing individual 62 for model 'mlp_model'...
Processing individual 63 for model 'mlp_model'...
Processing individual 64 for model 'mlp_model'...
Processing individual 65 for model 'mlp_model'...
Processing individual 66 for model 'mlp_model'...
Processing individual 67 for model 'mlp_model'...
Processing individual 68 for model 'mlp_model'...
Processing individual 69 for model 'mlp_model'...
Processing individual 70 for model 'mlp_model'...
Processing individual 71 for model 'mlp_model'...
Processing individual 72 for model 'mlp_model'...
Processing individual 73 for model 'mlp_model'...
Processing individual 74 for model 'mlp_model'...
Processing individual 75 for model 'mlp_model'...
Processing individual 76 for model 'mlp_model'...
Processing individual 77 for model 'mlp_model'...
Processing individual 78 for model 'mlp_model'...
Processing individual 79 for model 'mlp_model'...
Processing individual 80 for model 'mlp_model'...
Processing individual 81 for model 'mlp_model'...
Processing individual 82 for model 'mlp_model'...
Processing individual 83 for model 'mlp_model'...
Processing individual 84 for model 'mlp_model'...
Processing individual 85 for model 'mlp_model'...
Processing individual 86 for model 'mlp_model'...
Processing individual 87 for model 'mlp_model'...
Processing individual 88 for model 'mlp_model'...
Processing individual 89 for model 'mlp_model'...
Processing individual 90 for model 'mlp_model'...
Processing individual 91 for model 'mlp_model'...
Processing individual 92 for model 'mlp_model'...
Processing individual 93 for model 'mlp_model'...
Processing individual 94 for model 'mlp_model'...
Processing individual 95 for model 'mlp_model'...
Processing individual 96 for model 'mlp_model'...
Processing individual 97 for model 'mlp_model'...
Processing individual 98 for model 'mlp_model'...
Processing individual 99 for model 'mlp_model'...
Saved: output/mlp_model_counterfactuals.pkl

=== Running MAP-Elites for: linear_model ===
Processing individual 0 for model 'linear_model'...
Processing individual 1 for model 'linear_model'...
Processing individual 2 for model 'linear_model'...
Processing individual 3 for model 'linear_model'...
Processing individual 4 for model 'linear_model'...
Processing individual 5 for model 'linear_model'...
Processing individual 6 for model 'linear_model'...
Processing individual 7 for model 'linear_model'...
Processing individual 8 for model 'linear_model'...
Processing individual 9 for model 'linear_model'...
Processing individual 10 for model 'linear_model'...
Processing individual 11 for model 'linear_model'...
Processing individual 12 for model 'linear_model'...
Processing individual 13 for model 'linear_model'...
Processing individual 14 for model 'linear_model'...
Processing individual 15 for model 'linear_model'...
Processing individual 16 for model 'linear_model'...
Processing individual 17 for model 'linear_model'...
Processing individual 18 for model 'linear_model'...
Processing individual 19 for model 'linear_model'...
Processing individual 20 for model 'linear_model'...
Processing individual 21 for model 'linear_model'...
Processing individual 22 for model 'linear_model'...
Processing individual 23 for model 'linear_model'...
Processing individual 24 for model 'linear_model'...
Processing individual 25 for model 'linear_model'...
Processing individual 26 for model 'linear_model'...
Processing individual 27 for model 'linear_model'...
Processing individual 28 for model 'linear_model'...
Processing individual 29 for model 'linear_model'...
Processing individual 30 for model 'linear_model'...
Processing individual 31 for model 'linear_model'...
Processing individual 32 for model 'linear_model'...
Processing individual 33 for model 'linear_model'...
Processing individual 34 for model 'linear_model'...
Processing individual 35 for model 'linear_model'...
Processing individual 36 for model 'linear_model'...
Processing individual 37 for model 'linear_model'...
Processing individual 38 for model 'linear_model'...
Processing individual 39 for model 'linear_model'...
Processing individual 40 for model 'linear_model'...
Processing individual 41 for model 'linear_model'...
Processing individual 42 for model 'linear_model'...
Processing individual 43 for model 'linear_model'...
Processing individual 44 for model 'linear_model'...
Processing individual 45 for model 'linear_model'...
Processing individual 46 for model 'linear_model'...
Processing individual 47 for model 'linear_model'...
Processing individual 48 for model 'linear_model'...
Processing individual 49 for model 'linear_model'...
Processing individual 50 for model 'linear_model'...
Processing individual 51 for model 'linear_model'...
Processing individual 52 for model 'linear_model'...
Processing individual 53 for model 'linear_model'...
Processing individual 54 for model 'linear_model'...
Processing individual 55 for model 'linear_model'...
Processing individual 56 for model 'linear_model'...
Processing individual 57 for model 'linear_model'...
Processing individual 58 for model 'linear_model'...
Processing individual 59 for model 'linear_model'...
Processing individual 60 for model 'linear_model'...
Processing individual 61 for model 'linear_model'...
Processing individual 62 for model 'linear_model'...
Processing individual 63 for model 'linear_model'...
Processing individual 64 for model 'linear_model'...
Processing individual 65 for model 'linear_model'...
Processing individual 66 for model 'linear_model'...
Processing individual 67 for model 'linear_model'...
Processing individual 68 for model 'linear_model'...
Processing individual 69 for model 'linear_model'...
Processing individual 70 for model 'linear_model'...
Processing individual 71 for model 'linear_model'...
Processing individual 72 for model 'linear_model'...
Processing individual 73 for model 'linear_model'...
Processing individual 74 for model 'linear_model'...
Processing individual 75 for model 'linear_model'...
Processing individual 76 for model 'linear_model'...
Processing individual 77 for model 'linear_model'...
Processing individual 78 for model 'linear_model'...
Processing individual 79 for model 'linear_model'...
Processing individual 80 for model 'linear_model'...
Processing individual 81 for model 'linear_model'...
Processing individual 82 for model 'linear_model'...
Processing individual 83 for model 'linear_model'...
Processing individual 84 for model 'linear_model'...
Processing individual 85 for model 'linear_model'...
Processing individual 86 for model 'linear_model'...
Processing individual 87 for model 'linear_model'...
Processing individual 88 for model 'linear_model'...
Processing individual 89 for model 'linear_model'...
Processing individual 90 for model 'linear_model'...
Processing individual 91 for model 'linear_model'...
Processing individual 92 for model 'linear_model'...
Processing individual 93 for model 'linear_model'...
Processing individual 94 for model 'linear_model'...
Processing individual 95 for model 'linear_model'...
Processing individual 96 for model 'linear_model'...
Processing individual 97 for model 'linear_model'...
Processing individual 98 for model 'linear_model'...
Processing individual 99 for model 'linear_model'...
Saved: output/linear_model_counterfactuals.pkl
/global/home/hpc5434/MAP-CF/synthetic/synthetic_cf.py:102: FutureWarning: You are using `torch.load` with `weights_only=False` (the current default value), which uses the default pickle module implicitly. It is possible to construct malicious pickle data which will execute arbitrary code during unpickling (See https://github.com/pytorch/pytorch/blob/main/SECURITY.md#untrusted-models for more details). In a future release, the default value for `weights_only` will be flipped to `True`. This limits the functions that could be executed during unpickling. Arbitrary objects will no longer be allowed to be loaded via this mode unless they are explicitly allowlisted by the user via `torch.serialization.add_safe_globals`. We recommend you start setting `weights_only=True` for any use case where you don't have full control of the loaded file. Please open an issue on GitHub for any issues related to this experimental feature.
  wrapper.load_state_dict(torch.load(model_path, map_location=torch.device("cpu")))

=== Running MAP-Elites for: linear_model ===
Processing individual 0 for model 'linear_model'...
Processing individual 1 for model 'linear_model'...
Processing individual 2 for model 'linear_model'...
Processing individual 3 for model 'linear_model'...
Processing individual 4 for model 'linear_model'...
Processing individual 5 for model 'linear_model'...
Processing individual 6 for model 'linear_model'...
Processing individual 7 for model 'linear_model'...
Processing individual 8 for model 'linear_model'...
Processing individual 9 for model 'linear_model'...
Processing individual 10 for model 'linear_model'...
Processing individual 11 for model 'linear_model'...
Processing individual 12 for model 'linear_model'...
Processing individual 13 for model 'linear_model'...
Processing individual 14 for model 'linear_model'...
Processing individual 15 for model 'linear_model'...
Processing individual 16 for model 'linear_model'...
Processing individual 17 for model 'linear_model'...
Processing individual 18 for model 'linear_model'...
Processing individual 19 for model 'linear_model'...
Processing individual 20 for model 'linear_model'...
Processing individual 21 for model 'linear_model'...
Processing individual 22 for model 'linear_model'...
Processing individual 23 for model 'linear_model'...
Processing individual 24 for model 'linear_model'...
Processing individual 25 for model 'linear_model'...
Processing individual 26 for model 'linear_model'...
Processing individual 27 for model 'linear_model'...
Processing individual 28 for model 'linear_model'...
Processing individual 29 for model 'linear_model'...
Processing individual 30 for model 'linear_model'...
Processing individual 31 for model 'linear_model'...
Processing individual 32 for model 'linear_model'...
Processing individual 33 for model 'linear_model'...
Processing individual 34 for model 'linear_model'...
Processing individual 35 for model 'linear_model'...
Processing individual 36 for model 'linear_model'...
Processing individual 37 for model 'linear_model'...
Processing individual 38 for model 'linear_model'...
Processing individual 39 for model 'linear_model'...
Processing individual 40 for model 'linear_model'...
Processing individual 41 for model 'linear_model'...
Processing individual 42 for model 'linear_model'...
Processing individual 43 for model 'linear_model'...
Processing individual 44 for model 'linear_model'...
Processing individual 45 for model 'linear_model'...
Processing individual 46 for model 'linear_model'...
Processing individual 47 for model 'linear_model'...
Processing individual 48 for model 'linear_model'...
Processing individual 49 for model 'linear_model'...
Processing individual 50 for model 'linear_model'...
Processing individual 51 for model 'linear_model'...
Processing individual 52 for model 'linear_model'...
Processing individual 53 for model 'linear_model'...
Processing individual 54 for model 'linear_model'...
Processing individual 55 for model 'linear_model'...
Processing individual 56 for model 'linear_model'...
Processing individual 57 for model 'linear_model'...
Processing individual 58 for model 'linear_model'...
Processing individual 59 for model 'linear_model'...
Processing individual 60 for model 'linear_model'...
Processing individual 61 for model 'linear_model'...
Processing individual 62 for model 'linear_model'...
Processing individual 63 for model 'linear_model'...
Processing individual 64 for model 'linear_model'...
Processing individual 65 for model 'linear_model'...
Processing individual 66 for model 'linear_model'...
Processing individual 67 for model 'linear_model'...
Processing individual 68 for model 'linear_model'...
Processing individual 69 for model 'linear_model'...
Processing individual 70 for model 'linear_model'...
Processing individual 71 for model 'linear_model'...
Processing individual 72 for model 'linear_model'...
Processing individual 73 for model 'linear_model'...
Processing individual 74 for model 'linear_model'...
Processing individual 75 for model 'linear_model'...
Processing individual 76 for model 'linear_model'...
Processing individual 77 for model 'linear_model'...
Processing individual 78 for model 'linear_model'...
Processing individual 79 for model 'linear_model'...
Processing individual 80 for model 'linear_model'...
Processing individual 81 for model 'linear_model'...
Processing individual 82 for model 'linear_model'...
Processing individual 83 for model 'linear_model'...
Processing individual 84 for model 'linear_model'...
Processing individual 85 for model 'linear_model'...
Processing individual 86 for model 'linear_model'...
Processing individual 87 for model 'linear_model'...
Processing individual 88 for model 'linear_model'...
Processing individual 89 for model 'linear_model'...
Processing individual 90 for model 'linear_model'...
Processing individual 91 for model 'linear_model'...
Processing individual 92 for model 'linear_model'...
Processing individual 93 for model 'linear_model'...
Processing individual 94 for model 'linear_model'...
Processing individual 95 for model 'linear_model'...
Processing individual 96 for model 'linear_model'...
Processing individual 97 for model 'linear_model'...
Processing individual 98 for model 'linear_model'...
Processing individual 99 for model 'linear_model'...
Saved: output/linear_model_counterfactuals.pkl

=== Running MAP-Elites for: mlp_model ===
Processing individual 0 for model 'mlp_model'...
Processing individual 1 for model 'mlp_model'...
Processing individual 2 for model 'mlp_model'...
Processing individual 3 for model 'mlp_model'...
Processing individual 4 for model 'mlp_model'...
Processing individual 5 for model 'mlp_model'...
Processing individual 6 for model 'mlp_model'...
Processing individual 7 for model 'mlp_model'...
Processing individual 8 for model 'mlp_model'...
Processing individual 9 for model 'mlp_model'...
Processing individual 10 for model 'mlp_model'...
Processing individual 11 for model 'mlp_model'...
Processing individual 12 for model 'mlp_model'...
Processing individual 13 for model 'mlp_model'...
Processing individual 14 for model 'mlp_model'...
Processing individual 15 for model 'mlp_model'...
Processing individual 16 for model 'mlp_model'...
Processing individual 17 for model 'mlp_model'...
Processing individual 18 for model 'mlp_model'...
Processing individual 19 for model 'mlp_model'...
Processing individual 20 for model 'mlp_model'...
Processing individual 21 for model 'mlp_model'...
Processing individual 22 for model 'mlp_model'...
Processing individual 23 for model 'mlp_model'...
Processing individual 24 for model 'mlp_model'...
Processing individual 25 for model 'mlp_model'...
Processing individual 26 for model 'mlp_model'...
Processing individual 27 for model 'mlp_model'...
Processing individual 28 for model 'mlp_model'...
Processing individual 29 for model 'mlp_model'...
Processing individual 30 for model 'mlp_model'...
Processing individual 31 for model 'mlp_model'...
Processing individual 32 for model 'mlp_model'...
Processing individual 33 for model 'mlp_model'...
Processing individual 34 for model 'mlp_model'...
Processing individual 35 for model 'mlp_model'...
Processing individual 36 for model 'mlp_model'...
Processing individual 37 for model 'mlp_model'...
Processing individual 38 for model 'mlp_model'...
Processing individual 39 for model 'mlp_model'...
Processing individual 40 for model 'mlp_model'...
Processing individual 41 for model 'mlp_model'...
Processing individual 42 for model 'mlp_model'...
Processing individual 43 for model 'mlp_model'...
Processing individual 44 for model 'mlp_model'...
Processing individual 45 for model 'mlp_model'...
Processing individual 46 for model 'mlp_model'...
Processing individual 47 for model 'mlp_model'...
Processing individual 48 for model 'mlp_model'...
Processing individual 49 for model 'mlp_model'...
Processing individual 50 for model 'mlp_model'...
Processing individual 51 for model 'mlp_model'...
Processing individual 52 for model 'mlp_model'...
Processing individual 53 for model 'mlp_model'...
Processing individual 54 for model 'mlp_model'...
Processing individual 55 for model 'mlp_model'...
Processing individual 56 for model 'mlp_model'...
Processing individual 57 for model 'mlp_model'...
Processing individual 58 for model 'mlp_model'...
Processing individual 59 for model 'mlp_model'...
Processing individual 60 for model 'mlp_model'...
Processing individual 61 for model 'mlp_model'...
Processing individual 62 for model 'mlp_model'...
Processing individual 63 for model 'mlp_model'...
Processing individual 64 for model 'mlp_model'...
Processing individual 65 for model 'mlp_model'...
Processing individual 66 for model 'mlp_model'...
Processing individual 67 for model 'mlp_model'...
Processing individual 68 for model 'mlp_model'...
Processing individual 69 for model 'mlp_model'...
Processing individual 70 for model 'mlp_model'...
Processing individual 71 for model 'mlp_model'...
Processing individual 72 for model 'mlp_model'...
Processing individual 73 for model 'mlp_model'...
Processing individual 74 for model 'mlp_model'...
Processing individual 75 for model 'mlp_model'...
Processing individual 76 for model 'mlp_model'...
Processing individual 77 for model 'mlp_model'...
Processing individual 78 for model 'mlp_model'...
Processing individual 79 for model 'mlp_model'...
Processing individual 80 for model 'mlp_model'...
Processing individual 81 for model 'mlp_model'...
Processing individual 82 for model 'mlp_model'...
Processing individual 83 for model 'mlp_model'...
Processing individual 84 for model 'mlp_model'...
Processing individual 85 for model 'mlp_model'...
Processing individual 86 for model 'mlp_model'...
Processing individual 87 for model 'mlp_model'...
Processing individual 88 for model 'mlp_model'...
Processing individual 89 for model 'mlp_model'...
Processing individual 90 for model 'mlp_model'...
Processing individual 91 for model 'mlp_model'...
Processing individual 92 for model 'mlp_model'...
Processing individual 93 for model 'mlp_model'...
Processing individual 94 for model 'mlp_model'...
Processing individual 95 for model 'mlp_model'...
Processing individual 96 for model 'mlp_model'...
Processing individual 97 for model 'mlp_model'...
Processing individual 98 for model 'mlp_model'...
Processing individual 99 for model 'mlp_model'...
Saved: output/mlp_model_counterfactuals.pkl
/global/home/hpc5434/MAP-CF/synthetic/synthetic_cf.py:102: FutureWarning: You are using `torch.load` with `weights_only=False` (the current default value), which uses the default pickle module implicitly. It is possible to construct malicious pickle data which will execute arbitrary code during unpickling (See https://github.com/pytorch/pytorch/blob/main/SECURITY.md#untrusted-models for more details). In a future release, the default value for `weights_only` will be flipped to `True`. This limits the functions that could be executed during unpickling. Arbitrary objects will no longer be allowed to be loaded via this mode unless they are explicitly allowlisted by the user via `torch.serialization.add_safe_globals`. We recommend you start setting `weights_only=True` for any use case where you don't have full control of the loaded file. Please open an issue on GitHub for any issues related to this experimental feature.
  wrapper.load_state_dict(torch.load(model_path, map_location=torch.device("cpu")))

=== Running MAP-Elites for: linear_model ===
Processing individual 0 for model 'linear_model'...
Processing individual 1 for model 'linear_model'...
Processing individual 2 for model 'linear_model'...
Processing individual 3 for model 'linear_model'...
Processing individual 4 for model 'linear_model'...
Processing individual 5 for model 'linear_model'...
Processing individual 6 for model 'linear_model'...
Processing individual 7 for model 'linear_model'...
Processing individual 8 for model 'linear_model'...
Processing individual 9 for model 'linear_model'...
Processing individual 10 for model 'linear_model'...
Processing individual 11 for model 'linear_model'...
Processing individual 12 for model 'linear_model'...
Processing individual 13 for model 'linear_model'...
Processing individual 14 for model 'linear_model'...
Processing individual 15 for model 'linear_model'...
Processing individual 16 for model 'linear_model'...
Processing individual 17 for model 'linear_model'...
Processing individual 18 for model 'linear_model'...
Processing individual 19 for model 'linear_model'...
Processing individual 20 for model 'linear_model'...
Processing individual 21 for model 'linear_model'...
Processing individual 22 for model 'linear_model'...
Processing individual 23 for model 'linear_model'...
Processing individual 24 for model 'linear_model'...
Processing individual 25 for model 'linear_model'...
Processing individual 26 for model 'linear_model'...
Processing individual 27 for model 'linear_model'...
Processing individual 28 for model 'linear_model'...
Processing individual 29 for model 'linear_model'...
Processing individual 30 for model 'linear_model'...
Processing individual 31 for model 'linear_model'...
Processing individual 32 for model 'linear_model'...
Processing individual 33 for model 'linear_model'...
Processing individual 34 for model 'linear_model'...
Processing individual 35 for model 'linear_model'...
Processing individual 36 for model 'linear_model'...
Processing individual 37 for model 'linear_model'...
Processing individual 38 for model 'linear_model'...
Processing individual 39 for model 'linear_model'...
Processing individual 40 for model 'linear_model'...
Processing individual 41 for model 'linear_model'...
Processing individual 42 for model 'linear_model'...
Processing individual 43 for model 'linear_model'...
Processing individual 44 for model 'linear_model'...
Processing individual 45 for model 'linear_model'...
Processing individual 46 for model 'linear_model'...
Processing individual 47 for model 'linear_model'...
Processing individual 48 for model 'linear_model'...
Processing individual 49 for model 'linear_model'...
Processing individual 50 for model 'linear_model'...
Processing individual 51 for model 'linear_model'...
Processing individual 52 for model 'linear_model'...
Processing individual 53 for model 'linear_model'...
Processing individual 54 for model 'linear_model'...
Processing individual 55 for model 'linear_model'...
Processing individual 56 for model 'linear_model'...
Processing individual 57 for model 'linear_model'...
Processing individual 58 for model 'linear_model'...
Processing individual 59 for model 'linear_model'...
Processing individual 60 for model 'linear_model'...
Processing individual 61 for model 'linear_model'...
Processing individual 62 for model 'linear_model'...
Processing individual 63 for model 'linear_model'...
Processing individual 64 for model 'linear_model'...
Processing individual 65 for model 'linear_model'...
Processing individual 66 for model 'linear_model'...
Processing individual 67 for model 'linear_model'...
Processing individual 68 for model 'linear_model'...
Processing individual 69 for model 'linear_model'...
Processing individual 70 for model 'linear_model'...
Processing individual 71 for model 'linear_model'...
Processing individual 72 for model 'linear_model'...
Processing individual 73 for model 'linear_model'...
Processing individual 74 for model 'linear_model'...
Processing individual 75 for model 'linear_model'...
Processing individual 76 for model 'linear_model'...
Processing individual 77 for model 'linear_model'...
Processing individual 78 for model 'linear_model'...
Processing individual 79 for model 'linear_model'...
Processing individual 80 for model 'linear_model'...
Processing individual 81 for model 'linear_model'...
Processing individual 82 for model 'linear_model'...
Processing individual 83 for model 'linear_model'...
Processing individual 84 for model 'linear_model'...
Processing individual 85 for model 'linear_model'...
Processing individual 86 for model 'linear_model'...
Processing individual 87 for model 'linear_model'...
Processing individual 88 for model 'linear_model'...
Processing individual 89 for model 'linear_model'...
Processing individual 90 for model 'linear_model'...
Processing individual 91 for model 'linear_model'...
Processing individual 92 for model 'linear_model'...
Processing individual 93 for model 'linear_model'...
Processing individual 94 for model 'linear_model'...
Processing individual 95 for model 'linear_model'...
Processing individual 96 for model 'linear_model'...
Processing individual 97 for model 'linear_model'...
Processing individual 98 for model 'linear_model'...
Processing individual 99 for model 'linear_model'...
Saved: output/linear_model_counterfactuals.pkl

=== Running MAP-Elites for: mlp_model ===
Processing individual 0 for model 'mlp_model'...
Processing individual 1 for model 'mlp_model'...
Processing individual 2 for model 'mlp_model'...
Processing individual 3 for model 'mlp_model'...
Processing individual 4 for model 'mlp_model'...
Processing individual 5 for model 'mlp_model'...
Processing individual 6 for model 'mlp_model'...
Processing individual 7 for model 'mlp_model'...
Processing individual 8 for model 'mlp_model'...
Processing individual 9 for model 'mlp_model'...
Processing individual 10 for model 'mlp_model'...
Processing individual 11 for model 'mlp_model'...
Processing individual 12 for model 'mlp_model'...
Processing individual 13 for model 'mlp_model'...
Processing individual 14 for model 'mlp_model'...
Processing individual 15 for model 'mlp_model'...
Processing individual 16 for model 'mlp_model'...
Processing individual 17 for model 'mlp_model'...
Processing individual 18 for model 'mlp_model'...
Processing individual 19 for model 'mlp_model'...
Processing individual 20 for model 'mlp_model'...
Processing individual 21 for model 'mlp_model'...
Processing individual 22 for model 'mlp_model'...
Processing individual 23 for model 'mlp_model'...
Processing individual 24 for model 'mlp_model'...
Processing individual 25 for model 'mlp_model'...
Processing individual 26 for model 'mlp_model'...
Processing individual 27 for model 'mlp_model'...
Processing individual 28 for model 'mlp_model'...
Processing individual 29 for model 'mlp_model'...
Processing individual 30 for model 'mlp_model'...
Processing individual 31 for model 'mlp_model'...
Processing individual 32 for model 'mlp_model'...
Processing individual 33 for model 'mlp_model'...
Processing individual 34 for model 'mlp_model'...
Processing individual 35 for model 'mlp_model'...
Processing individual 36 for model 'mlp_model'...
Processing individual 37 for model 'mlp_model'...
Processing individual 38 for model 'mlp_model'...
Processing individual 39 for model 'mlp_model'...
Processing individual 40 for model 'mlp_model'...
Processing individual 41 for model 'mlp_model'...
Processing individual 42 for model 'mlp_model'...
Processing individual 43 for model 'mlp_model'...
Processing individual 44 for model 'mlp_model'...
Processing individual 45 for model 'mlp_model'...
Processing individual 46 for model 'mlp_model'...
Processing individual 47 for model 'mlp_model'...
Processing individual 48 for model 'mlp_model'...
Processing individual 49 for model 'mlp_model'...
Processing individual 50 for model 'mlp_model'...
Processing individual 51 for model 'mlp_model'...
Processing individual 52 for model 'mlp_model'...
Processing individual 53 for model 'mlp_model'...
Processing individual 54 for model 'mlp_model'...
Processing individual 55 for model 'mlp_model'...
Processing individual 56 for model 'mlp_model'...
Processing individual 57 for model 'mlp_model'...
Processing individual 58 for model 'mlp_model'...
Processing individual 59 for model 'mlp_model'...
Processing individual 60 for model 'mlp_model'...
Processing individual 61 for model 'mlp_model'...
Processing individual 62 for model 'mlp_model'...
Processing individual 63 for model 'mlp_model'...
Processing individual 64 for model 'mlp_model'...
Processing individual 65 for model 'mlp_model'...
Processing individual 66 for model 'mlp_model'...
Processing individual 67 for model 'mlp_model'...
Processing individual 68 for model 'mlp_model'...
Processing individual 69 for model 'mlp_model'...
Processing individual 70 for model 'mlp_model'...
Processing individual 71 for model 'mlp_model'...
Processing individual 72 for model 'mlp_model'...
Processing individual 73 for model 'mlp_model'...
Processing individual 74 for model 'mlp_model'...
Processing individual 75 for model 'mlp_model'...
Processing individual 76 for model 'mlp_model'...
Processing individual 77 for model 'mlp_model'...
Processing individual 78 for model 'mlp_model'...
Processing individual 79 for model 'mlp_model'...
Processing individual 80 for model 'mlp_model'...
Processing individual 81 for model 'mlp_model'...
Processing individual 82 for model 'mlp_model'...
Processing individual 83 for model 'mlp_model'...
Processing individual 84 for model 'mlp_model'...
Processing individual 85 for model 'mlp_model'...
Processing individual 86 for model 'mlp_model'...
Processing individual 87 for model 'mlp_model'...
Processing individual 88 for model 'mlp_model'...
Processing individual 89 for model 'mlp_model'...
Processing individual 90 for model 'mlp_model'...
Processing individual 91 for model 'mlp_model'...
Processing individual 92 for model 'mlp_model'...
Processing individual 93 for model 'mlp_model'...
Processing individual 94 for model 'mlp_model'...
Processing individual 95 for model 'mlp_model'...
Processing individual 96 for model 'mlp_model'...
Processing individual 97 for model 'mlp_model'...
Processing individual 98 for model 'mlp_model'...
Processing individual 99 for model 'mlp_model'...
Saved: output/mlp_model_counterfactuals.pkl
/global/home/hpc5434/MAP-CF/synthetic/synthetic_cf.py:102: FutureWarning: You are using `torch.load` with `weights_only=False` (the current default value), which uses the default pickle module implicitly. It is possible to construct malicious pickle data which will execute arbitrary code during unpickling (See https://github.com/pytorch/pytorch/blob/main/SECURITY.md#untrusted-models for more details). In a future release, the default value for `weights_only` will be flipped to `True`. This limits the functions that could be executed during unpickling. Arbitrary objects will no longer be allowed to be loaded via this mode unless they are explicitly allowlisted by the user via `torch.serialization.add_safe_globals`. We recommend you start setting `weights_only=True` for any use case where you don't have full control of the loaded file. Please open an issue on GitHub for any issues related to this experimental feature.
  wrapper.load_state_dict(torch.load(model_path, map_location=torch.device("cpu")))

=== Running MAP-Elites for: linear_model ===
Processing individual 0 for model 'linear_model'...
Processing individual 1 for model 'linear_model'...
Processing individual 2 for model 'linear_model'...
Processing individual 3 for model 'linear_model'...
Processing individual 4 for model 'linear_model'...
Processing individual 5 for model 'linear_model'...
Processing individual 6 for model 'linear_model'...
Processing individual 7 for model 'linear_model'...
Processing individual 8 for model 'linear_model'...
Processing individual 9 for model 'linear_model'...
Processing individual 10 for model 'linear_model'...
Processing individual 11 for model 'linear_model'...
Processing individual 12 for model 'linear_model'...
Processing individual 13 for model 'linear_model'...
Processing individual 14 for model 'linear_model'...
Processing individual 15 for model 'linear_model'...
Processing individual 16 for model 'linear_model'...
Processing individual 17 for model 'linear_model'...
Processing individual 18 for model 'linear_model'...
Processing individual 19 for model 'linear_model'...
Processing individual 20 for model 'linear_model'...
Processing individual 21 for model 'linear_model'...
Processing individual 22 for model 'linear_model'...
Processing individual 23 for model 'linear_model'...
Processing individual 24 for model 'linear_model'...
Processing individual 25 for model 'linear_model'...
Processing individual 26 for model 'linear_model'...
Processing individual 27 for model 'linear_model'...
Processing individual 28 for model 'linear_model'...
Processing individual 29 for model 'linear_model'...
Processing individual 30 for model 'linear_model'...
Processing individual 31 for model 'linear_model'...
Processing individual 32 for model 'linear_model'...
Processing individual 33 for model 'linear_model'...
Processing individual 34 for model 'linear_model'...
Processing individual 35 for model 'linear_model'...
Processing individual 36 for model 'linear_model'...
Processing individual 37 for model 'linear_model'...
Processing individual 38 for model 'linear_model'...
Processing individual 39 for model 'linear_model'...
Processing individual 40 for model 'linear_model'...
Processing individual 41 for model 'linear_model'...
Processing individual 42 for model 'linear_model'...
Processing individual 43 for model 'linear_model'...
Processing individual 44 for model 'linear_model'...
Processing individual 45 for model 'linear_model'...
Processing individual 46 for model 'linear_model'...
Processing individual 47 for model 'linear_model'...
Processing individual 48 for model 'linear_model'...
Processing individual 49 for model 'linear_model'...
Processing individual 50 for model 'linear_model'...
Processing individual 51 for model 'linear_model'...
Processing individual 52 for model 'linear_model'...
Processing individual 53 for model 'linear_model'...
Processing individual 54 for model 'linear_model'...
Processing individual 55 for model 'linear_model'...
Processing individual 56 for model 'linear_model'...
Processing individual 57 for model 'linear_model'...
Processing individual 58 for model 'linear_model'...
Processing individual 59 for model 'linear_model'...
Processing individual 60 for model 'linear_model'...
Processing individual 61 for model 'linear_model'...
Processing individual 62 for model 'linear_model'...
Processing individual 63 for model 'linear_model'...
Processing individual 64 for model 'linear_model'...
Processing individual 65 for model 'linear_model'...
Processing individual 66 for model 'linear_model'...
Processing individual 67 for model 'linear_model'...
Processing individual 68 for model 'linear_model'...
Processing individual 69 for model 'linear_model'...
Processing individual 70 for model 'linear_model'...
Processing individual 71 for model 'linear_model'...
Processing individual 72 for model 'linear_model'...
Processing individual 73 for model 'linear_model'...
Processing individual 74 for model 'linear_model'...
Processing individual 75 for model 'linear_model'...
Processing individual 76 for model 'linear_model'...
Processing individual 77 for model 'linear_model'...
Processing individual 78 for model 'linear_model'...
Processing individual 79 for model 'linear_model'...
Processing individual 80 for model 'linear_model'...
Processing individual 81 for model 'linear_model'...
Processing individual 82 for model 'linear_model'...
Processing individual 83 for model 'linear_model'...
Processing individual 84 for model 'linear_model'...
Processing individual 85 for model 'linear_model'...
Processing individual 86 for model 'linear_model'...
Processing individual 87 for model 'linear_model'...
Processing individual 88 for model 'linear_model'...
Processing individual 89 for model 'linear_model'...
Processing individual 90 for model 'linear_model'...
Processing individual 91 for model 'linear_model'...
Processing individual 92 for model 'linear_model'...
Processing individual 93 for model 'linear_model'...
Processing individual 94 for model 'linear_model'...
Processing individual 95 for model 'linear_model'...
Processing individual 96 for model 'linear_model'...
Processing individual 97 for model 'linear_model'...
Processing individual 98 for model 'linear_model'...
Processing individual 99 for model 'linear_model'...
Saved: output/linear_model_counterfactuals.pkl

=== Running MAP-Elites for: mlp_model ===
Processing individual 0 for model 'mlp_model'...
Processing individual 1 for model 'mlp_model'...
Processing individual 2 for model 'mlp_model'...
Processing individual 3 for model 'mlp_model'...
Processing individual 4 for model 'mlp_model'...
Processing individual 5 for model 'mlp_model'...
Processing individual 6 for model 'mlp_model'...
Processing individual 7 for model 'mlp_model'...
Processing individual 8 for model 'mlp_model'...
Processing individual 9 for model 'mlp_model'...
Processing individual 10 for model 'mlp_model'...
Processing individual 11 for model 'mlp_model'...
Processing individual 12 for model 'mlp_model'...
Processing individual 13 for model 'mlp_model'...
Processing individual 14 for model 'mlp_model'...
Processing individual 15 for model 'mlp_model'...
Processing individual 16 for model 'mlp_model'...
Processing individual 17 for model 'mlp_model'...
Processing individual 18 for model 'mlp_model'...
Processing individual 19 for model 'mlp_model'...
Processing individual 20 for model 'mlp_model'...
Processing individual 21 for model 'mlp_model'...
Processing individual 22 for model 'mlp_model'...
Processing individual 23 for model 'mlp_model'...
Processing individual 24 for model 'mlp_model'...
Processing individual 25 for model 'mlp_model'...
Processing individual 26 for model 'mlp_model'...
Processing individual 27 for model 'mlp_model'...
Processing individual 28 for model 'mlp_model'...
Processing individual 29 for model 'mlp_model'...
Processing individual 30 for model 'mlp_model'...
Processing individual 31 for model 'mlp_model'...
Processing individual 32 for model 'mlp_model'...
Processing individual 33 for model 'mlp_model'...
Processing individual 34 for model 'mlp_model'...
Processing individual 35 for model 'mlp_model'...
Processing individual 36 for model 'mlp_model'...
Processing individual 37 for model 'mlp_model'...
Processing individual 38 for model 'mlp_model'...
Processing individual 39 for model 'mlp_model'...
Processing individual 40 for model 'mlp_model'...
Processing individual 41 for model 'mlp_model'...
Processing individual 42 for model 'mlp_model'...
Processing individual 43 for model 'mlp_model'...
Processing individual 44 for model 'mlp_model'...
Processing individual 45 for model 'mlp_model'...
Processing individual 46 for model 'mlp_model'...
Processing individual 47 for model 'mlp_model'...
Processing individual 48 for model 'mlp_model'...
Processing individual 49 for model 'mlp_model'...
Processing individual 50 for model 'mlp_model'...
Processing individual 51 for model 'mlp_model'...
Processing individual 52 for model 'mlp_model'...
Processing individual 53 for model 'mlp_model'...
Processing individual 54 for model 'mlp_model'...
Processing individual 55 for model 'mlp_model'...
Processing individual 56 for model 'mlp_model'...
Processing individual 57 for model 'mlp_model'...
Processing individual 58 for model 'mlp_model'...
Processing individual 59 for model 'mlp_model'...
Processing individual 60 for model 'mlp_model'...
Processing individual 61 for model 'mlp_model'...
Processing individual 62 for model 'mlp_model'...
Processing individual 63 for model 'mlp_model'...
Processing individual 64 for model 'mlp_model'...
Processing individual 65 for model 'mlp_model'...
Processing individual 66 for model 'mlp_model'...
Processing individual 67 for model 'mlp_model'...
Processing individual 68 for model 'mlp_model'...
Processing individual 69 for model 'mlp_model'...
Processing individual 70 for model 'mlp_model'...
Processing individual 71 for model 'mlp_model'...
Processing individual 72 for model 'mlp_model'...
Processing individual 73 for model 'mlp_model'...
Processing individual 74 for model 'mlp_model'...
Processing individual 75 for model 'mlp_model'...
Processing individual 76 for model 'mlp_model'...
Processing individual 77 for model 'mlp_model'...
Processing individual 78 for model 'mlp_model'...
Processing individual 79 for model 'mlp_model'...
Processing individual 80 for model 'mlp_model'...
Processing individual 81 for model 'mlp_model'...
Processing individual 82 for model 'mlp_model'...
Processing individual 83 for model 'mlp_model'...
Processing individual 84 for model 'mlp_model'...
Processing individual 85 for model 'mlp_model'...
Processing individual 86 for model 'mlp_model'...
Processing individual 87 for model 'mlp_model'...
Processing individual 88 for model 'mlp_model'...
Processing individual 89 for model 'mlp_model'...
Processing individual 90 for model 'mlp_model'...
Processing individual 91 for model 'mlp_model'...
Processing individual 92 for model 'mlp_model'...
Processing individual 93 for model 'mlp_model'...
Processing individual 94 for model 'mlp_model'...
Processing individual 95 for model 'mlp_model'...
Processing individual 96 for model 'mlp_model'...
Processing individual 97 for model 'mlp_model'...
Processing individual 98 for model 'mlp_model'...
Processing individual 99 for model 'mlp_model'...
Saved: output/mlp_model_counterfactuals.pkl
