
=== Running MAP-Elites for: hgb_model ===
Processing individual 0 for model 'hgb_model'...
Processing individual 1 for model 'hgb_model'...
Processing individual 2 for model 'hgb_model'...
Processing individual 3 for model 'hgb_model'...
Processing individual 4 for model 'hgb_model'...
Processing individual 5 for model 'hgb_model'...
Processing individual 6 for model 'hgb_model'...
Processing individual 7 for model 'hgb_model'...
Processing individual 8 for model 'hgb_model'...
Processing individual 9 for model 'hgb_model'...
Processing individual 10 for model 'hgb_model'...
Processing individual 11 for model 'hgb_model'...
Processing individual 12 for model 'hgb_model'...
Processing individual 13 for model 'hgb_model'...
Processing individual 14 for model 'hgb_model'...
Processing individual 15 for model 'hgb_model'...
Processing individual 16 for model 'hgb_model'...
Processing individual 17 for model 'hgb_model'...
Processing individual 18 for model 'hgb_model'...
Processing individual 19 for model 'hgb_model'...
Processing individual 20 for model 'hgb_model'...
Processing individual 21 for model 'hgb_model'...
Processing individual 22 for model 'hgb_model'...
Processing individual 23 for model 'hgb_model'...
Processing individual 24 for model 'hgb_model'...
Processing individual 25 for model 'hgb_model'...
Processing individual 26 for model 'hgb_model'...
Processing individual 27 for model 'hgb_model'...
Processing individual 28 for model 'hgb_model'...
Processing individual 29 for model 'hgb_model'...
Processing individual 30 for model 'hgb_model'...
Processing individual 31 for model 'hgb_model'...
Processing individual 32 for model 'hgb_model'...
Processing individual 33 for model 'hgb_model'...
Processing individual 34 for model 'hgb_model'...
Processing individual 35 for model 'hgb_model'...
Processing individual 36 for model 'hgb_model'...
Processing individual 37 for model 'hgb_model'...
Processing individual 38 for model 'hgb_model'...
Processing individual 39 for model 'hgb_model'...
Processing individual 40 for model 'hgb_model'...
Processing individual 41 for model 'hgb_model'...
Processing individual 42 for model 'hgb_model'...
Processing individual 43 for model 'hgb_model'...
Processing individual 44 for model 'hgb_model'...
Processing individual 45 for model 'hgb_model'...
Processing individual 46 for model 'hgb_model'...
Processing individual 47 for model 'hgb_model'...
Processing individual 48 for model 'hgb_model'...
Processing individual 49 for model 'hgb_model'...
Processing individual 50 for model 'hgb_model'...
Processing individual 51 for model 'hgb_model'...
Processing individual 52 for model 'hgb_model'...
Processing individual 53 for model 'hgb_model'...
Processing individual 54 for model 'hgb_model'...
Processing individual 55 for model 'hgb_model'...
Processing individual 56 for model 'hgb_model'...
Processing individual 57 for model 'hgb_model'...
Processing individual 58 for model 'hgb_model'...
Processing individual 59 for model 'hgb_model'...
Processing individual 60 for model 'hgb_model'...
Processing individual 61 for model 'hgb_model'...
Processing individual 62 for model 'hgb_model'...
Processing individual 63 for model 'hgb_model'...
Processing individual 64 for model 'hgb_model'...
Processing individual 65 for model 'hgb_model'...
Processing individual 66 for model 'hgb_model'...
Processing individual 67 for model 'hgb_model'...
Processing individual 68 for model 'hgb_model'...
Processing individual 69 for model 'hgb_model'...
Processing individual 70 for model 'hgb_model'...
Processing individual 71 for model 'hgb_model'...
Processing individual 72 for model 'hgb_model'...
Processing individual 73 for model 'hgb_model'...
Processing individual 74 for model 'hgb_model'...
Processing individual 75 for model 'hgb_model'...
Processing individual 76 for model 'hgb_model'...
Processing individual 77 for model 'hgb_model'...
Processing individual 78 for model 'hgb_model'...
Processing individual 79 for model 'hgb_model'...
Processing individual 80 for model 'hgb_model'...
Processing individual 81 for model 'hgb_model'...
Processing individual 82 for model 'hgb_model'...
Processing individual 83 for model 'hgb_model'...
Processing individual 84 for model 'hgb_model'...
Processing individual 85 for model 'hgb_model'...
Processing individual 86 for model 'hgb_model'...
Processing individual 87 for model 'hgb_model'...
Processing individual 88 for model 'hgb_model'...
Processing individual 89 for model 'hgb_model'...
Processing individual 90 for model 'hgb_model'...
Processing individual 91 for model 'hgb_model'...
Processing individual 92 for model 'hgb_model'...
Processing individual 93 for model 'hgb_model'...
Processing individual 94 for model 'hgb_model'...
Processing individual 95 for model 'hgb_model'...
Processing individual 96 for model 'hgb_model'...
Processing individual 97 for model 'hgb_model'...
Processing individual 98 for model 'hgb_model'...
Processing individual 99 for model 'hgb_model'...
Saved: archives/hgb_model_archive_complex.pkl

=== Running MAP-Elites for: linear_model ===
Processing individual 0 for model 'linear_model'...
Processing individual 1 for model 'linear_model'...
Processing individual 2 for model 'linear_model'...
Processing individual 3 for model 'linear_model'...
Processing individual 4 for model 'linear_model'...
Processing individual 5 for model 'linear_model'...
Processing individual 6 for model 'linear_model'...
Processing individual 7 for model 'linear_model'...
Processing individual 8 for model 'linear_model'...
Processing individual 9 for model 'linear_model'...
Processing individual 10 for model 'linear_model'...
Processing individual 11 for model 'linear_model'...
Processing individual 12 for model 'linear_model'...
Processing individual 13 for model 'linear_model'...
Processing individual 14 for model 'linear_model'...
Processing individual 15 for model 'linear_model'...
Processing individual 16 for model 'linear_model'...
Processing individual 17 for model 'linear_model'...
Processing individual 18 for model 'linear_model'...
Processing individual 19 for model 'linear_model'...
Processing individual 20 for model 'linear_model'...
Processing individual 21 for model 'linear_model'...
Processing individual 22 for model 'linear_model'...
Processing individual 23 for model 'linear_model'...
Processing individual 24 for model 'linear_model'...
Processing individual 25 for model 'linear_model'...
Processing individual 26 for model 'linear_model'...
Processing individual 27 for model 'linear_model'...
Processing individual 28 for model 'linear_model'...
Processing individual 29 for model 'linear_model'...
Processing individual 30 for model 'linear_model'...
Processing individual 31 for model 'linear_model'...
Processing individual 32 for model 'linear_model'...
Processing individual 33 for model 'linear_model'...
Processing individual 34 for model 'linear_model'...
Processing individual 35 for model 'linear_model'...
Processing individual 36 for model 'linear_model'...
Processing individual 37 for model 'linear_model'...
Processing individual 38 for model 'linear_model'...
Processing individual 39 for model 'linear_model'...
Processing individual 40 for model 'linear_model'...
Processing individual 41 for model 'linear_model'...
Processing individual 42 for model 'linear_model'...
Processing individual 43 for model 'linear_model'...
Processing individual 44 for model 'linear_model'...
Processing individual 45 for model 'linear_model'...
Processing individual 46 for model 'linear_model'...
Processing individual 47 for model 'linear_model'...
Processing individual 48 for model 'linear_model'...
Processing individual 49 for model 'linear_model'...
Processing individual 50 for model 'linear_model'...
Processing individual 51 for model 'linear_model'...
Processing individual 52 for model 'linear_model'...
Processing individual 53 for model 'linear_model'...
Processing individual 54 for model 'linear_model'...
Processing individual 55 for model 'linear_model'...
Processing individual 56 for model 'linear_model'...
Processing individual 57 for model 'linear_model'...
Processing individual 58 for model 'linear_model'...
Processing individual 59 for model 'linear_model'...
Processing individual 60 for model 'linear_model'...
Processing individual 61 for model 'linear_model'...
Processing individual 62 for model 'linear_model'...
Processing individual 63 for model 'linear_model'...
Processing individual 64 for model 'linear_model'...
Processing individual 65 for model 'linear_model'...
Processing individual 66 for model 'linear_model'...
Processing individual 67 for model 'linear_model'...
Processing individual 68 for model 'linear_model'...
Processing individual 69 for model 'linear_model'...
Processing individual 70 for model 'linear_model'...
Processing individual 71 for model 'linear_model'...
Processing individual 72 for model 'linear_model'...
Processing individual 73 for model 'linear_model'...
Processing individual 74 for model 'linear_model'...
Processing individual 75 for model 'linear_model'...
Processing individual 76 for model 'linear_model'...
Processing individual 77 for model 'linear_model'...
Processing individual 78 for model 'linear_model'...
Processing individual 79 for model 'linear_model'...
Processing individual 80 for model 'linear_model'...
Processing individual 81 for model 'linear_model'...
Processing individual 82 for model 'linear_model'...
Processing individual 83 for model 'linear_model'...
Processing individual 84 for model 'linear_model'...
Processing individual 85 for model 'linear_model'...
Processing individual 86 for model 'linear_model'...
Processing individual 87 for model 'linear_model'...
Processing individual 88 for model 'linear_model'...
Processing individual 89 for model 'linear_model'...
Processing individual 90 for model 'linear_model'...
Processing individual 91 for model 'linear_model'...
Processing individual 92 for model 'linear_model'...
Processing individual 93 for model 'linear_model'...
Processing individual 94 for model 'linear_model'...
Processing individual 95 for model 'linear_model'...
Processing individual 96 for model 'linear_model'...
Processing individual 97 for model 'linear_model'...
Processing individual 98 for model 'linear_model'...
Processing individual 99 for model 'linear_model'...
Saved: archives/linear_model_archive_complex.pkl

=== Running MAP-Elites for: random_forest ===
Processing individual 0 for model 'random_forest'...
Processing individual 1 for model 'random_forest'...
Processing individual 2 for model 'random_forest'...
Processing individual 3 for model 'random_forest'...
Processing individual 4 for model 'random_forest'...
Processing individual 5 for model 'random_forest'...
Processing individual 6 for model 'random_forest'...
Processing individual 7 for model 'random_forest'...
Processing individual 8 for model 'random_forest'...
Processing individual 9 for model 'random_forest'...
Processing individual 10 for model 'random_forest'...
Processing individual 11 for model 'random_forest'...
Processing individual 12 for model 'random_forest'...
Processing individual 13 for model 'random_forest'...
Processing individual 14 for model 'random_forest'...
Processing individual 15 for model 'random_forest'...
Processing individual 16 for model 'random_forest'...
Processing individual 17 for model 'random_forest'...
Processing individual 18 for model 'random_forest'...
Processing individual 19 for model 'random_forest'...
Processing individual 20 for model 'random_forest'...
Processing individual 21 for model 'random_forest'...
Processing individual 22 for model 'random_forest'...
Processing individual 23 for model 'random_forest'...
Processing individual 24 for model 'random_forest'...
Processing individual 25 for model 'random_forest'...
Processing individual 26 for model 'random_forest'...
Processing individual 27 for model 'random_forest'...
Processing individual 28 for model 'random_forest'...
Processing individual 29 for model 'random_forest'...
Processing individual 30 for model 'random_forest'...
Processing individual 31 for model 'random_forest'...
Processing individual 32 for model 'random_forest'...
Processing individual 33 for model 'random_forest'...
Processing individual 34 for model 'random_forest'...
Processing individual 35 for model 'random_forest'...
Processing individual 36 for model 'random_forest'...
Processing individual 37 for model 'random_forest'...
Processing individual 38 for model 'random_forest'...
Processing individual 39 for model 'random_forest'...
Processing individual 40 for model 'random_forest'...
Processing individual 41 for model 'random_forest'...
Processing individual 42 for model 'random_forest'...
Processing individual 43 for model 'random_forest'...
Processing individual 44 for model 'random_forest'...
Processing individual 45 for model 'random_forest'...
Processing individual 46 for model 'random_forest'...
Processing individual 47 for model 'random_forest'...
Processing individual 48 for model 'random_forest'...
Processing individual 49 for model 'random_forest'...
Processing individual 50 for model 'random_forest'...
Processing individual 51 for model 'random_forest'...
Processing individual 52 for model 'random_forest'...
Processing individual 53 for model 'random_forest'...
Processing individual 54 for model 'random_forest'...
Processing individual 55 for model 'random_forest'...
Processing individual 56 for model 'random_forest'...
Processing individual 57 for model 'random_forest'...
Processing individual 58 for model 'random_forest'...
Processing individual 59 for model 'random_forest'...
Processing individual 60 for model 'random_forest'...
Processing individual 61 for model 'random_forest'...
Processing individual 62 for model 'random_forest'...
Processing individual 63 for model 'random_forest'...
Processing individual 64 for model 'random_forest'...
Processing individual 65 for model 'random_forest'...
Processing individual 66 for model 'random_forest'...
Processing individual 67 for model 'random_forest'...
Processing individual 68 for model 'random_forest'...
Processing individual 69 for model 'random_forest'...
Processing individual 70 for model 'random_forest'...
Processing individual 71 for model 'random_forest'...
Processing individual 72 for model 'random_forest'...
Processing individual 73 for model 'random_forest'...
Processing individual 74 for model 'random_forest'...
Processing individual 75 for model 'random_forest'...
Processing individual 76 for model 'random_forest'...
Processing individual 77 for model 'random_forest'...
Processing individual 78 for model 'random_forest'...
Processing individual 79 for model 'random_forest'...
Processing individual 80 for model 'random_forest'...
Processing individual 81 for model 'random_forest'...
Processing individual 82 for model 'random_forest'...
Processing individual 83 for model 'random_forest'...
Processing individual 84 for model 'random_forest'...
Processing individual 85 for model 'random_forest'...
Processing individual 86 for model 'random_forest'...
Processing individual 87 for model 'random_forest'...
Processing individual 88 for model 'random_forest'...
Processing individual 89 for model 'random_forest'...
Processing individual 90 for model 'random_forest'...
Processing individual 91 for model 'random_forest'...
Processing individual 92 for model 'random_forest'...
Processing individual 93 for model 'random_forest'...
Processing individual 94 for model 'random_forest'...
Processing individual 95 for model 'random_forest'...
Processing individual 96 for model 'random_forest'...
Processing individual 97 for model 'random_forest'...
Processing individual 98 for model 'random_forest'...
Processing individual 99 for model 'random_forest'...
Saved: archives/random_forest_archive_complex.pkl
